<?xml version="1.0" encoding="UTF-8"?>
<testsuite xmlns:xsi="http://www.w3.org/2001/XMLSchema-instance" xsi:noNamespaceSchemaLocation="https://maven.apache.org/surefire/maven-surefire-plugin/xsd/surefire-test-report-3.0.xsd" version="3.0" name="push.notification.NotificationApplicationTests" time="7.675" tests="1" errors="0" skipped="0" failures="0">
  <properties>
[...]
</properties>
  <testcase name="contextLoads" classname="push.notification.NotificationApplicationTests" time="2.063">
    <system-out><![CDATA[Standard Commons Logging discovery in action with spring-jcl: please remove commons-logging.jar from classpath in order to avoid potential conflicts
22:05:32.221 [main] INFO org.springframework.test.context.support.AnnotationConfigContextLoaderUtils -- Could not detect default configuration classes for test class [push.notification.NotificationApplicationTests]: NotificationApplicationTests does not declare any static, non-private, non-final, nested classes annotated with @Configuration.
22:05:32.481 [main] INFO org.springframework.boot.test.context.SpringBootTestContextBootstrapper -- Found @SpringBootConfiguration push.notification.NotificationApplication for test class push.notification.NotificationApplicationTests
22:05:32.806 [main] INFO org.springframework.boot.devtools.restart.RestartApplicationListener -- Restart disabled due to context in which it is running

  .   ____          _            __ _ _
 /\\ / ___'_ __ _ _(_)_ __  __ _ \ \ \ \
( ( )\___ | '_ | '_| | '_ \/ _` | \ \ \ \
 \\/  ___)| |_)| | | | | || (_| |  ) ) ) )
  '  |____| .__|_| |_|_| |_\__, | / / / /
 =========|_|==============|___/=/_/_/_/
 :: Spring Boot ::                (v3.2.5)

2024-05-04T22:05:33.371+05:30  INFO 19916 --- [notification] [           main] p.n.NotificationApplicationTests         : Starting NotificationApplicationTests using Java 21.0.3 with PID 19916 (started by ShubhamAnand in C:\Code\Deployment\Notification\notification)
2024-05-04T22:05:33.371+05:30  INFO 19916 --- [notification] [           main] p.n.NotificationApplicationTests         : No active profile set, falling back to 1 default profile: "default"
2024-05-04T22:05:35.854+05:30 ERROR 19916 --- [notification] [           main] p.notification.service.FCMInitializer    : class path resource [push-notification-57130-firebase-adminsdk-6g90d-77b59c0121] cannot be opened because it does not exist
2024-05-04T22:05:37.247+05:30  INFO 19916 --- [notification] [           main] p.n.NotificationApplicationTests         : Started NotificationApplicationTests in 4.46 seconds (process running for 7.604)
]]></system-out>
    <system-err><![CDATA[WARNING: A Java agent has been loaded dynamically (C:\Users\0010KN744\.m2\repository\net\bytebuddy\byte-buddy-agent\1.14.13\byte-buddy-agent-1.14.13.jar)
WARNING: If a serviceability tool is in use, please run with -XX:+EnableDynamicAgentLoading to hide this warning
WARNING: If a serviceability tool is not in use, please run with -Djdk.instrument.traceUsage for more information
WARNING: Dynamic loading of agents will be disallowed by default in a future release
]]></system-err>
  </testcase>
</testsuite>